[2m2023-03-22 16:06:55.417[0;39m [32m INFO[0;39m [35m13604[0;39m [2m---[0;39m [2m[  restartedMain][0;39m [36mc.s.x.s.SpringBootAdminServerApplication[0;39m [2m:[0;39m Starting SpringBootAdminServerApplication using Java 11.0.12 on shenlx-pc with PID 13604 (D:\workspace-github-project\my-spring-all-service\spring-boot-admin\spring-boot-admin-server\target\classes started by lenovo in D:\workspace-github-project\my-spring-all-service)
[2m2023-03-22 16:06:55.418[0;39m [32m INFO[0;39m [35m13604[0;39m [2m---[0;39m [2m[  restartedMain][0;39m [36mc.s.x.s.SpringBootAdminServerApplication[0;39m [2m:[0;39m No active profile set, falling back to 1 default profile: "default"
[2m2023-03-22 16:06:55.474[0;39m [32m INFO[0;39m [35m13604[0;39m [2m---[0;39m [2m[  restartedMain][0;39m [36m.e.DevToolsPropertyDefaultsPostProcessor[0;39m [2m:[0;39m Devtools property defaults active! Set 'spring.devtools.add-properties' to 'false' to disable
[2m2023-03-22 16:06:55.475[0;39m [32m INFO[0;39m [35m13604[0;39m [2m---[0;39m [2m[  restartedMain][0;39m [36m.e.DevToolsPropertyDefaultsPostProcessor[0;39m [2m:[0;39m For additional web related logging consider setting the 'logging.level.web' property to 'DEBUG'
[2m2023-03-22 16:06:56.316[0;39m [31mERROR[0;39m [35m13604[0;39m [2m---[0;39m [2m[  restartedMain][0;39m [36mo.a.catalina.core.AprLifecycleListener  [0;39m [2m:[0;39m An incompatible version [1.2.12] of the Apache Tomcat Native library is installed, while Tomcat requires version [1.2.14]
[2m2023-03-22 16:06:56.480[0;39m [32m INFO[0;39m [35m13604[0;39m [2m---[0;39m [2m[  restartedMain][0;39m [36mo.s.b.w.embedded.tomcat.TomcatWebServer [0;39m [2m:[0;39m Tomcat initialized with port(s): 8097 (http)
[2m2023-03-22 16:06:56.480[0;39m [32m INFO[0;39m [35m13604[0;39m [2m---[0;39m [2m[  restartedMain][0;39m [36mo.apache.catalina.core.StandardService  [0;39m [2m:[0;39m Starting service [Tomcat]
[2m2023-03-22 16:06:56.480[0;39m [32m INFO[0;39m [35m13604[0;39m [2m---[0;39m [2m[  restartedMain][0;39m [36morg.apache.catalina.core.StandardEngine [0;39m [2m:[0;39m Starting Servlet engine: [Apache Tomcat/9.0.68]
[2m2023-03-22 16:06:56.542[0;39m [32m INFO[0;39m [35m13604[0;39m [2m---[0;39m [2m[  restartedMain][0;39m [36mo.a.c.c.C.[Tomcat].[localhost].[/]      [0;39m [2m:[0;39m Initializing Spring embedded WebApplicationContext
[2m2023-03-22 16:06:56.542[0;39m [32m INFO[0;39m [35m13604[0;39m [2m---[0;39m [2m[  restartedMain][0;39m [36mw.s.c.ServletWebServerApplicationContext[0;39m [2m:[0;39m Root WebApplicationContext: initialization completed in 1067 ms
[2m2023-03-22 16:06:56.843[0;39m [33m WARN[0;39m [35m13604[0;39m [2m---[0;39m [2m[  restartedMain][0;39m [36mion$DefaultTemplateResolverConfiguration[0;39m [2m:[0;39m Cannot find template location: classpath:/templates/ (please add some templates, check your Thymeleaf configuration, or set spring.thymeleaf.check-template-location=false)
[2m2023-03-22 16:06:57.387[0;39m [32m INFO[0;39m [35m13604[0;39m [2m---[0;39m [2m[  restartedMain][0;39m [36mo.s.b.d.a.OptionalLiveReloadServer      [0;39m [2m:[0;39m LiveReload server is running on port 35729
[2m2023-03-22 16:06:57.392[0;39m [32m INFO[0;39m [35m13604[0;39m [2m---[0;39m [2m[  restartedMain][0;39m [36mo.s.b.a.e.web.EndpointLinksResolver     [0;39m [2m:[0;39m Exposing 1 endpoint(s) beneath base path '/actuator'
[2m2023-03-22 16:06:57.418[0;39m [32m INFO[0;39m [35m13604[0;39m [2m---[0;39m [2m[  restartedMain][0;39m [36mo.s.b.w.embedded.tomcat.TomcatWebServer [0;39m [2m:[0;39m Tomcat started on port(s): 8097 (http) with context path ''
[2m2023-03-22 16:06:57.433[0;39m [32m INFO[0;39m [35m13604[0;39m [2m---[0;39m [2m[  restartedMain][0;39m [36mc.s.x.s.SpringBootAdminServerApplication[0;39m [2m:[0;39m Started SpringBootAdminServerApplication in 2.494 seconds (JVM running for 3.209)
[2m2023-03-22 16:06:57.638[0;39m [32m INFO[0;39m [35m13604[0;39m [2m---[0;39m [2m[nio-8097-exec-1][0;39m [36mo.a.c.c.C.[Tomcat].[localhost].[/]      [0;39m [2m:[0;39m Initializing Spring DispatcherServlet 'dispatcherServlet'
[2m2023-03-22 16:06:57.639[0;39m [32m INFO[0;39m [35m13604[0;39m [2m---[0;39m [2m[nio-8097-exec-1][0;39m [36mo.s.web.servlet.DispatcherServlet       [0;39m [2m:[0;39m Initializing Servlet 'dispatcherServlet'
[2m2023-03-22 16:06:57.640[0;39m [32m INFO[0;39m [35m13604[0;39m [2m---[0;39m [2m[nio-8097-exec-1][0;39m [36mo.s.web.servlet.DispatcherServlet       [0;39m [2m:[0;39m Completed initialization in 1 ms
[2m2023-03-22 16:07:08.337[0;39m [32m INFO[0;39m [35m17440[0;39m [2m---[0;39m [2m[  restartedMain][0;39m [36mc.s.x.s.SpringBootAdminClientApplication[0;39m [2m:[0;39m Starting SpringBootAdminClientApplication using Java 11.0.12 on shenlx-pc with PID 17440 (D:\workspace-github-project\my-spring-all-service\spring-boot-admin\spring-boot-admin-client\target\classes started by lenovo in D:\workspace-github-project\my-spring-all-service)
[2m2023-03-22 16:07:08.337[0;39m [32m INFO[0;39m [35m17440[0;39m [2m---[0;39m [2m[  restartedMain][0;39m [36mc.s.x.s.SpringBootAdminClientApplication[0;39m [2m:[0;39m No active profile set, falling back to 1 default profile: "default"
[2m2023-03-22 16:07:08.402[0;39m [32m INFO[0;39m [35m17440[0;39m [2m---[0;39m [2m[  restartedMain][0;39m [36m.e.DevToolsPropertyDefaultsPostProcessor[0;39m [2m:[0;39m Devtools property defaults active! Set 'spring.devtools.add-properties' to 'false' to disable
[2m2023-03-22 16:07:08.404[0;39m [32m INFO[0;39m [35m17440[0;39m [2m---[0;39m [2m[  restartedMain][0;39m [36m.e.DevToolsPropertyDefaultsPostProcessor[0;39m [2m:[0;39m For additional web related logging consider setting the 'logging.level.web' property to 'DEBUG'
[2m2023-03-22 16:07:09.160[0;39m [31mERROR[0;39m [35m17440[0;39m [2m---[0;39m [2m[  restartedMain][0;39m [36mo.a.catalina.core.AprLifecycleListener  [0;39m [2m:[0;39m An incompatible version [1.2.12] of the Apache Tomcat Native library is installed, while Tomcat requires version [1.2.14]
[2m2023-03-22 16:07:09.363[0;39m [32m INFO[0;39m [35m17440[0;39m [2m---[0;39m [2m[  restartedMain][0;39m [36mo.s.b.w.embedded.tomcat.TomcatWebServer [0;39m [2m:[0;39m Tomcat initialized with port(s): 8098 (http)
[2m2023-03-22 16:07:09.372[0;39m [32m INFO[0;39m [35m17440[0;39m [2m---[0;39m [2m[  restartedMain][0;39m [36mo.apache.catalina.core.StandardService  [0;39m [2m:[0;39m Starting service [Tomcat]
[2m2023-03-22 16:07:09.372[0;39m [32m INFO[0;39m [35m17440[0;39m [2m---[0;39m [2m[  restartedMain][0;39m [36morg.apache.catalina.core.StandardEngine [0;39m [2m:[0;39m Starting Servlet engine: [Apache Tomcat/9.0.68]
[2m2023-03-22 16:07:09.407[0;39m [32m INFO[0;39m [35m17440[0;39m [2m---[0;39m [2m[  restartedMain][0;39m [36mo.a.c.c.C.[Tomcat].[localhost].[/]      [0;39m [2m:[0;39m Initializing Spring embedded WebApplicationContext
[2m2023-03-22 16:07:09.407[0;39m [32m INFO[0;39m [35m17440[0;39m [2m---[0;39m [2m[  restartedMain][0;39m [36mw.s.c.ServletWebServerApplicationContext[0;39m [2m:[0;39m Root WebApplicationContext: initialization completed in 1003 ms
[2m2023-03-22 16:07:09.815[0;39m [33m WARN[0;39m [35m17440[0;39m [2m---[0;39m [2m[  restartedMain][0;39m [36mo.s.b.d.a.OptionalLiveReloadServer      [0;39m [2m:[0;39m Unable to start LiveReload server
[2m2023-03-22 16:07:09.815[0;39m [32m INFO[0;39m [35m17440[0;39m [2m---[0;39m [2m[  restartedMain][0;39m [36mo.s.b.a.e.web.EndpointLinksResolver     [0;39m [2m:[0;39m Exposing 15 endpoint(s) beneath base path '/manage'
[2m2023-03-22 16:07:09.847[0;39m [32m INFO[0;39m [35m17440[0;39m [2m---[0;39m [2m[  restartedMain][0;39m [36mo.s.b.w.embedded.tomcat.TomcatWebServer [0;39m [2m:[0;39m Tomcat started on port(s): 8098 (http) with context path ''
[2m2023-03-22 16:07:09.862[0;39m [32m INFO[0;39m [35m17440[0;39m [2m---[0;39m [2m[  restartedMain][0;39m [36mc.s.x.s.SpringBootAdminClientApplication[0;39m [2m:[0;39m Started SpringBootAdminClientApplication in 1.984 seconds (JVM running for 2.664)
[2m2023-03-22 16:07:10.176[0;39m [32m INFO[0;39m [35m17440[0;39m [2m---[0;39m [2m[gistrationTask1][0;39m [36md.c.b.a.c.r.ApplicationRegistrator      [0;39m [2m:[0;39m Application registered itself as ed6d38626fba
[2m2023-03-22 16:07:10.255[0;39m [32m INFO[0;39m [35m17440[0;39m [2m---[0;39m [2m[nio-8098-exec-1][0;39m [36mo.a.c.c.C.[Tomcat].[localhost].[/]      [0;39m [2m:[0;39m Initializing Spring DispatcherServlet 'dispatcherServlet'
[2m2023-03-22 16:07:10.255[0;39m [32m INFO[0;39m [35m17440[0;39m [2m---[0;39m [2m[nio-8098-exec-1][0;39m [36mo.s.web.servlet.DispatcherServlet       [0;39m [2m:[0;39m Initializing Servlet 'dispatcherServlet'
[2m2023-03-22 16:07:10.255[0;39m [32m INFO[0;39m [35m17440[0;39m [2m---[0;39m [2m[nio-8098-exec-1][0;39m [36mo.s.web.servlet.DispatcherServlet       [0;39m [2m:[0;39m Completed initialization in 0 ms
[2m2023-03-22 16:07:49.890[0;39m [33m WARN[0;39m [35m17440[0;39m [2m---[0;39m [2m[gistrationTask1][0;39m [36md.c.b.a.c.r.ApplicationRegistrator      [0;39m [2m:[0;39m Failed to register application as Application(name=true, managementUrl=http://shenlx-pc:8098/manage, healthUrl=http://shenlx-pc:8098/manage/health, serviceUrl=http://shenlx-pc:8098/) at spring-boot-admin ([http://127.0.0.1:8097/instances]): I/O error on POST request for "http://127.0.0.1:8097/instances": Unexpected end of file from server; nested exception is java.net.SocketException: Unexpected end of file from server. Further attempts are logged on DEBUG level
[2m2023-03-22 16:09:51.914[0;39m [33m WARN[0;39m [35m17440[0;39m [2m---[0;39m [2m[gistrationTask1][0;39m [36md.c.b.a.c.r.ApplicationRegistrator      [0;39m [2m:[0;39m Failed to register application as Application(name=true, managementUrl=http://shenlx-pc:8098/manage, healthUrl=http://shenlx-pc:8098/manage/health, serviceUrl=http://shenlx-pc:8098/) at spring-boot-admin ([http://127.0.0.1:8097/instances]): I/O error on POST request for "http://127.0.0.1:8097/instances": Connection refused: connect; nested exception is java.net.ConnectException: Connection refused: connect. Further attempts are logged on DEBUG level
[2m2023-03-22 22:20:21.075[0;39m [32m INFO[0;39m [35m4752[0;39m [2m---[0;39m [2m[  restartedMain][0;39m [36mc.s.x.s.SpringBootAdminClientApplication[0;39m [2m:[0;39m Starting SpringBootAdminClientApplication using Java 11.0.12 on shenlx-pc with PID 4752 (D:\workspace-github-project\my-spring-all-service\spring-boot-admin\spring-boot-admin-client\target\classes started by lenovo in D:\workspace-github-project\my-spring-all-service)
[2m2023-03-22 22:20:21.091[0;39m [32m INFO[0;39m [35m4752[0;39m [2m---[0;39m [2m[  restartedMain][0;39m [36mc.s.x.s.SpringBootAdminClientApplication[0;39m [2m:[0;39m No active profile set, falling back to 1 default profile: "default"
[2m2023-03-22 22:20:21.138[0;39m [32m INFO[0;39m [35m4752[0;39m [2m---[0;39m [2m[  restartedMain][0;39m [36m.e.DevToolsPropertyDefaultsPostProcessor[0;39m [2m:[0;39m Devtools property defaults active! Set 'spring.devtools.add-properties' to 'false' to disable
[2m2023-03-22 22:20:21.138[0;39m [32m INFO[0;39m [35m4752[0;39m [2m---[0;39m [2m[  restartedMain][0;39m [36m.e.DevToolsPropertyDefaultsPostProcessor[0;39m [2m:[0;39m For additional web related logging consider setting the 'logging.level.web' property to 'DEBUG'
[2m2023-03-22 22:20:21.879[0;39m [31mERROR[0;39m [35m4752[0;39m [2m---[0;39m [2m[  restartedMain][0;39m [36mo.a.catalina.core.AprLifecycleListener  [0;39m [2m:[0;39m An incompatible version [1.2.12] of the Apache Tomcat Native library is installed, while Tomcat requires version [1.2.14]
[2m2023-03-22 22:20:22.036[0;39m [32m INFO[0;39m [35m4752[0;39m [2m---[0;39m [2m[  restartedMain][0;39m [36mo.s.b.w.embedded.tomcat.TomcatWebServer [0;39m [2m:[0;39m Tomcat initialized with port(s): 8098 (http)
[2m2023-03-22 22:20:22.052[0;39m [32m INFO[0;39m [35m4752[0;39m [2m---[0;39m [2m[  restartedMain][0;39m [36mo.apache.catalina.core.StandardService  [0;39m [2m:[0;39m Starting service [Tomcat]
[2m2023-03-22 22:20:22.052[0;39m [32m INFO[0;39m [35m4752[0;39m [2m---[0;39m [2m[  restartedMain][0;39m [36morg.apache.catalina.core.StandardEngine [0;39m [2m:[0;39m Starting Servlet engine: [Apache Tomcat/9.0.68]
[2m2023-03-22 22:20:22.084[0;39m [32m INFO[0;39m [35m4752[0;39m [2m---[0;39m [2m[  restartedMain][0;39m [36mo.a.c.c.C.[Tomcat].[localhost].[/]      [0;39m [2m:[0;39m Initializing Spring embedded WebApplicationContext
[2m2023-03-22 22:20:22.084[0;39m [32m INFO[0;39m [35m4752[0;39m [2m---[0;39m [2m[  restartedMain][0;39m [36mw.s.c.ServletWebServerApplicationContext[0;39m [2m:[0;39m Root WebApplicationContext: initialization completed in 946 ms
[2m2023-03-22 22:20:22.492[0;39m [33m WARN[0;39m [35m4752[0;39m [2m---[0;39m [2m[  restartedMain][0;39m [36mo.s.b.d.a.OptionalLiveReloadServer      [0;39m [2m:[0;39m Unable to start LiveReload server
[2m2023-03-22 22:20:22.492[0;39m [32m INFO[0;39m [35m4752[0;39m [2m---[0;39m [2m[  restartedMain][0;39m [36mo.s.b.a.e.web.EndpointLinksResolver     [0;39m [2m:[0;39m Exposing 15 endpoint(s) beneath base path '/manage'
[2m2023-03-22 22:20:22.523[0;39m [32m INFO[0;39m [35m4752[0;39m [2m---[0;39m [2m[  restartedMain][0;39m [36mo.s.b.w.embedded.tomcat.TomcatWebServer [0;39m [2m:[0;39m Tomcat started on port(s): 8098 (http) with context path ''
[2m2023-03-22 22:20:22.539[0;39m [32m INFO[0;39m [35m4752[0;39m [2m---[0;39m [2m[  restartedMain][0;39m [36mc.s.x.s.SpringBootAdminClientApplication[0;39m [2m:[0;39m Started SpringBootAdminClientApplication in 1.942 seconds (JVM running for 2.788)
[2m2023-03-22 22:20:22.963[0;39m [32m INFO[0;39m [35m4752[0;39m [2m---[0;39m [2m[gistrationTask1][0;39m [36md.c.b.a.c.r.ApplicationRegistrator      [0;39m [2m:[0;39m Application registered itself as ed6d38626fba
[2m2023-03-22 22:20:23.042[0;39m [32m INFO[0;39m [35m4752[0;39m [2m---[0;39m [2m[nio-8098-exec-1][0;39m [36mo.a.c.c.C.[Tomcat].[localhost].[/]      [0;39m [2m:[0;39m Initializing Spring DispatcherServlet 'dispatcherServlet'
[2m2023-03-22 22:20:23.042[0;39m [32m INFO[0;39m [35m4752[0;39m [2m---[0;39m [2m[nio-8098-exec-1][0;39m [36mo.s.web.servlet.DispatcherServlet       [0;39m [2m:[0;39m Initializing Servlet 'dispatcherServlet'
[2m2023-03-22 22:20:23.057[0;39m [32m INFO[0;39m [35m4752[0;39m [2m---[0;39m [2m[nio-8098-exec-1][0;39m [36mo.s.web.servlet.DispatcherServlet       [0;39m [2m:[0;39m Completed initialization in 15 ms
[2m2023-03-22 22:21:46.435[0;39m [32m INFO[0;39m [35m8544[0;39m [2m---[0;39m [2m[  restartedMain][0;39m [36mc.s.x.s.SpringBootAdminClientApplication[0;39m [2m:[0;39m Starting SpringBootAdminClientApplication using Java 11.0.12 on shenlx-pc with PID 8544 (D:\workspace-github-project\my-spring-all-service\spring-boot-admin\spring-boot-admin-client\target\classes started by lenovo in D:\workspace-github-project\my-spring-all-service)
[2m2023-03-22 22:21:46.435[0;39m [32m INFO[0;39m [35m8544[0;39m [2m---[0;39m [2m[  restartedMain][0;39m [36mc.s.x.s.SpringBootAdminClientApplication[0;39m [2m:[0;39m No active profile set, falling back to 1 default profile: "default"
[2m2023-03-22 22:21:46.530[0;39m [32m INFO[0;39m [35m8544[0;39m [2m---[0;39m [2m[  restartedMain][0;39m [36m.e.DevToolsPropertyDefaultsPostProcessor[0;39m [2m:[0;39m Devtools property defaults active! Set 'spring.devtools.add-properties' to 'false' to disable
[2m2023-03-22 22:21:46.530[0;39m [32m INFO[0;39m [35m8544[0;39m [2m---[0;39m [2m[  restartedMain][0;39m [36m.e.DevToolsPropertyDefaultsPostProcessor[0;39m [2m:[0;39m For additional web related logging consider setting the 'logging.level.web' property to 'DEBUG'
[2m2023-03-22 22:21:47.288[0;39m [31mERROR[0;39m [35m8544[0;39m [2m---[0;39m [2m[  restartedMain][0;39m [36mo.a.catalina.core.AprLifecycleListener  [0;39m [2m:[0;39m An incompatible version [1.2.12] of the Apache Tomcat Native library is installed, while Tomcat requires version [1.2.14]
[2m2023-03-22 22:21:47.453[0;39m [32m INFO[0;39m [35m8544[0;39m [2m---[0;39m [2m[  restartedMain][0;39m [36mo.s.b.w.embedded.tomcat.TomcatWebServer [0;39m [2m:[0;39m Tomcat initialized with port(s): 8098 (http)
[2m2023-03-22 22:21:47.453[0;39m [32m INFO[0;39m [35m8544[0;39m [2m---[0;39m [2m[  restartedMain][0;39m [36mo.apache.catalina.core.StandardService  [0;39m [2m:[0;39m Starting service [Tomcat]
[2m2023-03-22 22:21:47.453[0;39m [32m INFO[0;39m [35m8544[0;39m [2m---[0;39m [2m[  restartedMain][0;39m [36morg.apache.catalina.core.StandardEngine [0;39m [2m:[0;39m Starting Servlet engine: [Apache Tomcat/9.0.68]
[2m2023-03-22 22:21:47.494[0;39m [32m INFO[0;39m [35m8544[0;39m [2m---[0;39m [2m[  restartedMain][0;39m [36mo.a.c.c.C.[Tomcat].[localhost].[/]      [0;39m [2m:[0;39m Initializing Spring embedded WebApplicationContext
[2m2023-03-22 22:21:47.494[0;39m [32m INFO[0;39m [35m8544[0;39m [2m---[0;39m [2m[  restartedMain][0;39m [36mw.s.c.ServletWebServerApplicationContext[0;39m [2m:[0;39m Root WebApplicationContext: initialization completed in 964 ms
[2m2023-03-22 22:21:47.965[0;39m [33m WARN[0;39m [35m8544[0;39m [2m---[0;39m [2m[  restartedMain][0;39m [36mo.s.b.d.a.OptionalLiveReloadServer      [0;39m [2m:[0;39m Unable to start LiveReload server
[2m2023-03-22 22:21:47.980[0;39m [32m INFO[0;39m [35m8544[0;39m [2m---[0;39m [2m[  restartedMain][0;39m [36mo.s.b.a.e.web.EndpointLinksResolver     [0;39m [2m:[0;39m Exposing 15 endpoint(s) beneath base path '/manage'
[2m2023-03-22 22:21:48.012[0;39m [32m INFO[0;39m [35m8544[0;39m [2m---[0;39m [2m[  restartedMain][0;39m [36mo.s.b.w.embedded.tomcat.TomcatWebServer [0;39m [2m:[0;39m Tomcat started on port(s): 8098 (http) with context path ''
[2m2023-03-22 22:21:48.027[0;39m [32m INFO[0;39m [35m8544[0;39m [2m---[0;39m [2m[  restartedMain][0;39m [36mc.s.x.s.SpringBootAdminClientApplication[0;39m [2m:[0;39m Started SpringBootAdminClientApplication in 1.998 seconds (JVM running for 2.671)
[2m2023-03-22 22:21:48.454[0;39m [32m INFO[0;39m [35m8544[0;39m [2m---[0;39m [2m[gistrationTask1][0;39m [36md.c.b.a.c.r.ApplicationRegistrator      [0;39m [2m:[0;39m Application registered itself as ed6d38626fba
[2m2023-03-22 22:21:48.500[0;39m [32m INFO[0;39m [35m8544[0;39m [2m---[0;39m [2m[)-192.168.3.185][0;39m [36mo.a.c.c.C.[Tomcat].[localhost].[/]      [0;39m [2m:[0;39m Initializing Spring DispatcherServlet 'dispatcherServlet'
[2m2023-03-22 22:21:48.500[0;39m [32m INFO[0;39m [35m8544[0;39m [2m---[0;39m [2m[)-192.168.3.185][0;39m [36mo.s.web.servlet.DispatcherServlet       [0;39m [2m:[0;39m Initializing Servlet 'dispatcherServlet'
[2m2023-03-22 22:21:48.500[0;39m [32m INFO[0;39m [35m8544[0;39m [2m---[0;39m [2m[)-192.168.3.185][0;39m [36mo.s.web.servlet.DispatcherServlet       [0;39m [2m:[0;39m Completed initialization in 0 ms
[2m2023-03-22 22:23:07.373[0;39m [32m INFO[0;39m [35m4652[0;39m [2m---[0;39m [2m[  restartedMain][0;39m [36mc.s.x.s.SpringBootAdminClientApplication[0;39m [2m:[0;39m Starting SpringBootAdminClientApplication using Java 11.0.12 on shenlx-pc with PID 4652 (D:\workspace-github-project\my-spring-all-service\spring-boot-admin\spring-boot-admin-client\target\classes started by lenovo in D:\workspace-github-project\my-spring-all-service)
[2m2023-03-22 22:23:07.373[0;39m [32m INFO[0;39m [35m4652[0;39m [2m---[0;39m [2m[  restartedMain][0;39m [36mc.s.x.s.SpringBootAdminClientApplication[0;39m [2m:[0;39m No active profile set, falling back to 1 default profile: "default"
[2m2023-03-22 22:23:07.437[0;39m [32m INFO[0;39m [35m4652[0;39m [2m---[0;39m [2m[  restartedMain][0;39m [36m.e.DevToolsPropertyDefaultsPostProcessor[0;39m [2m:[0;39m Devtools property defaults active! Set 'spring.devtools.add-properties' to 'false' to disable
[2m2023-03-22 22:23:07.437[0;39m [32m INFO[0;39m [35m4652[0;39m [2m---[0;39m [2m[  restartedMain][0;39m [36m.e.DevToolsPropertyDefaultsPostProcessor[0;39m [2m:[0;39m For additional web related logging consider setting the 'logging.level.web' property to 'DEBUG'
[2m2023-03-22 22:23:08.162[0;39m [31mERROR[0;39m [35m4652[0;39m [2m---[0;39m [2m[  restartedMain][0;39m [36mo.a.catalina.core.AprLifecycleListener  [0;39m [2m:[0;39m An incompatible version [1.2.12] of the Apache Tomcat Native library is installed, while Tomcat requires version [1.2.14]
[2m2023-03-22 22:23:08.319[0;39m [32m INFO[0;39m [35m4652[0;39m [2m---[0;39m [2m[  restartedMain][0;39m [36mo.s.b.w.embedded.tomcat.TomcatWebServer [0;39m [2m:[0;39m Tomcat initialized with port(s): 8098 (http)
[2m2023-03-22 22:23:08.334[0;39m [32m INFO[0;39m [35m4652[0;39m [2m---[0;39m [2m[  restartedMain][0;39m [36mo.apache.catalina.core.StandardService  [0;39m [2m:[0;39m Starting service [Tomcat]
[2m2023-03-22 22:23:08.334[0;39m [32m INFO[0;39m [35m4652[0;39m [2m---[0;39m [2m[  restartedMain][0;39m [36morg.apache.catalina.core.StandardEngine [0;39m [2m:[0;39m Starting Servlet engine: [Apache Tomcat/9.0.68]
[2m2023-03-22 22:23:08.365[0;39m [32m INFO[0;39m [35m4652[0;39m [2m---[0;39m [2m[  restartedMain][0;39m [36mo.a.c.c.C.[Tomcat].[localhost].[/]      [0;39m [2m:[0;39m Initializing Spring embedded WebApplicationContext
[2m2023-03-22 22:23:08.365[0;39m [32m INFO[0;39m [35m4652[0;39m [2m---[0;39m [2m[  restartedMain][0;39m [36mw.s.c.ServletWebServerApplicationContext[0;39m [2m:[0;39m Root WebApplicationContext: initialization completed in 928 ms
[2m2023-03-22 22:23:08.821[0;39m [33m WARN[0;39m [35m4652[0;39m [2m---[0;39m [2m[  restartedMain][0;39m [36mo.s.b.d.a.OptionalLiveReloadServer      [0;39m [2m:[0;39m Unable to start LiveReload server
[2m2023-03-22 22:23:08.821[0;39m [32m INFO[0;39m [35m4652[0;39m [2m---[0;39m [2m[  restartedMain][0;39m [36mo.s.b.a.e.web.EndpointLinksResolver     [0;39m [2m:[0;39m Exposing 15 endpoint(s) beneath base path '/manage'
[2m2023-03-22 22:23:08.852[0;39m [32m INFO[0;39m [35m4652[0;39m [2m---[0;39m [2m[  restartedMain][0;39m [36mo.s.b.w.embedded.tomcat.TomcatWebServer [0;39m [2m:[0;39m Tomcat started on port(s): 8098 (http) with context path ''
[2m2023-03-22 22:23:08.868[0;39m [32m INFO[0;39m [35m4652[0;39m [2m---[0;39m [2m[  restartedMain][0;39m [36mc.s.x.s.SpringBootAdminClientApplication[0;39m [2m:[0;39m Started SpringBootAdminClientApplication in 2.111 seconds (JVM running for 2.886)
[2m2023-03-22 22:23:08.962[0;39m [32m INFO[0;39m [35m4652[0;39m [2m---[0;39m [2m[gistrationTask1][0;39m [36md.c.b.a.c.r.ApplicationRegistrator      [0;39m [2m:[0;39m Application registered itself as ed6d38626fba
[2m2023-03-22 22:23:08.994[0;39m [32m INFO[0;39m [35m4652[0;39m [2m---[0;39m [2m[nio-8098-exec-1][0;39m [36mo.a.c.c.C.[Tomcat].[localhost].[/]      [0;39m [2m:[0;39m Initializing Spring DispatcherServlet 'dispatcherServlet'
[2m2023-03-22 22:23:08.994[0;39m [32m INFO[0;39m [35m4652[0;39m [2m---[0;39m [2m[nio-8098-exec-1][0;39m [36mo.s.web.servlet.DispatcherServlet       [0;39m [2m:[0;39m Initializing Servlet 'dispatcherServlet'
[2m2023-03-22 22:23:08.994[0;39m [32m INFO[0;39m [35m4652[0;39m [2m---[0;39m [2m[nio-8098-exec-1][0;39m [36mo.s.web.servlet.DispatcherServlet       [0;39m [2m:[0;39m Completed initialization in 0 ms
[2m2023-03-22 22:23:43.909[0;39m [32m INFO[0;39m [35m12440[0;39m [2m---[0;39m [2m[  restartedMain][0;39m [36mc.s.x.s.SpringBootAdminClientApplication[0;39m [2m:[0;39m Starting SpringBootAdminClientApplication using Java 11.0.12 on shenlx-pc with PID 12440 (D:\workspace-github-project\my-spring-all-service\spring-boot-admin\spring-boot-admin-client\target\classes started by lenovo in D:\workspace-github-project\my-spring-all-service)
[2m2023-03-22 22:23:43.909[0;39m [32m INFO[0;39m [35m12440[0;39m [2m---[0;39m [2m[  restartedMain][0;39m [36mc.s.x.s.SpringBootAdminClientApplication[0;39m [2m:[0;39m No active profile set, falling back to 1 default profile: "default"
[2m2023-03-22 22:23:44.033[0;39m [32m INFO[0;39m [35m12440[0;39m [2m---[0;39m [2m[  restartedMain][0;39m [36m.e.DevToolsPropertyDefaultsPostProcessor[0;39m [2m:[0;39m Devtools property defaults active! Set 'spring.devtools.add-properties' to 'false' to disable
[2m2023-03-22 22:23:44.033[0;39m [32m INFO[0;39m [35m12440[0;39m [2m---[0;39m [2m[  restartedMain][0;39m [36m.e.DevToolsPropertyDefaultsPostProcessor[0;39m [2m:[0;39m For additional web related logging consider setting the 'logging.level.web' property to 'DEBUG'
[2m2023-03-22 22:23:45.467[0;39m [31mERROR[0;39m [35m12440[0;39m [2m---[0;39m [2m[  restartedMain][0;39m [36mo.a.catalina.core.AprLifecycleListener  [0;39m [2m:[0;39m An incompatible version [1.2.12] of the Apache Tomcat Native library is installed, while Tomcat requires version [1.2.14]
[2m2023-03-22 22:23:45.712[0;39m [32m INFO[0;39m [35m12440[0;39m [2m---[0;39m [2m[  restartedMain][0;39m [36mo.s.b.w.embedded.tomcat.TomcatWebServer [0;39m [2m:[0;39m Tomcat initialized with port(s): 8098 (http)
[2m2023-03-22 22:23:45.718[0;39m [32m INFO[0;39m [35m12440[0;39m [2m---[0;39m [2m[  restartedMain][0;39m [36mo.apache.catalina.core.StandardService  [0;39m [2m:[0;39m Starting service [Tomcat]
[2m2023-03-22 22:23:45.718[0;39m [32m INFO[0;39m [35m12440[0;39m [2m---[0;39m [2m[  restartedMain][0;39m [36morg.apache.catalina.core.StandardEngine [0;39m [2m:[0;39m Starting Servlet engine: [Apache Tomcat/9.0.68]
[2m2023-03-22 22:23:45.771[0;39m [32m INFO[0;39m [35m12440[0;39m [2m---[0;39m [2m[  restartedMain][0;39m [36mo.a.c.c.C.[Tomcat].[localhost].[/]      [0;39m [2m:[0;39m Initializing Spring embedded WebApplicationContext
[2m2023-03-22 22:23:45.771[0;39m [32m INFO[0;39m [35m12440[0;39m [2m---[0;39m [2m[  restartedMain][0;39m [36mw.s.c.ServletWebServerApplicationContext[0;39m [2m:[0;39m Root WebApplicationContext: initialization completed in 1723 ms
[2m2023-03-22 22:23:45.942[0;39m [32m INFO[0;39m [35m12440[0;39m [2m---[0;39m [2m[  restartedMain][0;39m [36mo.s.b.a.e.web.ServletEndpointRegistrar  [0;39m [2m:[0;39m Registered '/manage/jolokia' to jolokia-actuator-endpoint
[2m2023-03-22 22:23:46.452[0;39m [33m WARN[0;39m [35m12440[0;39m [2m---[0;39m [2m[  restartedMain][0;39m [36mo.s.b.d.a.OptionalLiveReloadServer      [0;39m [2m:[0;39m Unable to start LiveReload server
[2m2023-03-22 22:23:46.452[0;39m [32m INFO[0;39m [35m12440[0;39m [2m---[0;39m [2m[  restartedMain][0;39m [36mo.s.b.a.e.web.EndpointLinksResolver     [0;39m [2m:[0;39m Exposing 16 endpoint(s) beneath base path '/manage'
[2m2023-03-22 22:23:46.512[0;39m [32m INFO[0;39m [35m12440[0;39m [2m---[0;39m [2m[  restartedMain][0;39m [36mo.s.b.w.embedded.tomcat.TomcatWebServer [0;39m [2m:[0;39m Tomcat started on port(s): 8098 (http) with context path ''
[2m2023-03-22 22:23:46.523[0;39m [32m INFO[0;39m [35m12440[0;39m [2m---[0;39m [2m[  restartedMain][0;39m [36mc.s.x.s.SpringBootAdminClientApplication[0;39m [2m:[0;39m Started SpringBootAdminClientApplication in 3.754 seconds (JVM running for 5.235)
[2m2023-03-22 22:23:46.649[0;39m [32m INFO[0;39m [35m12440[0;39m [2m---[0;39m [2m[gistrationTask1][0;39m [36md.c.b.a.c.r.ApplicationRegistrator      [0;39m [2m:[0;39m Application registered itself as ed6d38626fba
[2m2023-03-22 22:23:46.680[0;39m [32m INFO[0;39m [35m12440[0;39m [2m---[0;39m [2m[nio-8098-exec-1][0;39m [36mo.a.c.c.C.[Tomcat].[localhost].[/]      [0;39m [2m:[0;39m Initializing Spring DispatcherServlet 'dispatcherServlet'
[2m2023-03-22 22:23:46.680[0;39m [32m INFO[0;39m [35m12440[0;39m [2m---[0;39m [2m[nio-8098-exec-1][0;39m [36mo.s.web.servlet.DispatcherServlet       [0;39m [2m:[0;39m Initializing Servlet 'dispatcherServlet'
[2m2023-03-22 22:23:46.680[0;39m [32m INFO[0;39m [35m12440[0;39m [2m---[0;39m [2m[nio-8098-exec-1][0;39m [36mo.s.web.servlet.DispatcherServlet       [0;39m [2m:[0;39m Completed initialization in 0 ms
[2m2023-03-22 22:23:51.119[0;39m [32m INFO[0;39m [35m12440[0;39m [2m---[0;39m [2m[nio-8098-exec-4][0;39m [36mo.a.c.c.C.[Tomcat].[localhost].[/]      [0;39m [2m:[0;39m jolokia-actuator-endpoint: No access restrictor found, access to any MBean is allowed
[2m2023-03-22 23:10:49.560[0;39m [32m INFO[0;39m [35m12100[0;39m [2m---[0;39m [2m[  restartedMain][0;39m [36mc.s.x.s.SpringBootAdminClientApplication[0;39m [2m:[0;39m Starting SpringBootAdminClientApplication using Java 11.0.12 on shenlx-pc with PID 12100 (D:\workspace-github-project\my-spring-all-service\spring-boot-admin\spring-boot-admin-client\target\classes started by lenovo in D:\workspace-github-project\my-spring-all-service)
[2m2023-03-22 23:10:49.560[0;39m [32m INFO[0;39m [35m12100[0;39m [2m---[0;39m [2m[  restartedMain][0;39m [36mc.s.x.s.SpringBootAdminClientApplication[0;39m [2m:[0;39m No active profile set, falling back to 1 default profile: "default"
[2m2023-03-22 23:10:49.621[0;39m [32m INFO[0;39m [35m12100[0;39m [2m---[0;39m [2m[  restartedMain][0;39m [36m.e.DevToolsPropertyDefaultsPostProcessor[0;39m [2m:[0;39m Devtools property defaults active! Set 'spring.devtools.add-properties' to 'false' to disable
[2m2023-03-22 23:10:49.621[0;39m [32m INFO[0;39m [35m12100[0;39m [2m---[0;39m [2m[  restartedMain][0;39m [36m.e.DevToolsPropertyDefaultsPostProcessor[0;39m [2m:[0;39m For additional web related logging consider setting the 'logging.level.web' property to 'DEBUG'
[2m2023-03-22 23:10:50.382[0;39m [31mERROR[0;39m [35m12100[0;39m [2m---[0;39m [2m[  restartedMain][0;39m [36mo.a.catalina.core.AprLifecycleListener  [0;39m [2m:[0;39m An incompatible version [1.2.12] of the Apache Tomcat Native library is installed, while Tomcat requires version [1.2.14]
[2m2023-03-22 23:10:50.523[0;39m [32m INFO[0;39m [35m12100[0;39m [2m---[0;39m [2m[  restartedMain][0;39m [36mo.s.b.w.embedded.tomcat.TomcatWebServer [0;39m [2m:[0;39m Tomcat initialized with port(s): 8098 (http)
[2m2023-03-22 23:10:50.538[0;39m [32m INFO[0;39m [35m12100[0;39m [2m---[0;39m [2m[  restartedMain][0;39m [36mo.apache.catalina.core.StandardService  [0;39m [2m:[0;39m Starting service [Tomcat]
[2m2023-03-22 23:10:50.538[0;39m [32m INFO[0;39m [35m12100[0;39m [2m---[0;39m [2m[  restartedMain][0;39m [36morg.apache.catalina.core.StandardEngine [0;39m [2m:[0;39m Starting Servlet engine: [Apache Tomcat/9.0.68]
[2m2023-03-22 23:10:50.570[0;39m [32m INFO[0;39m [35m12100[0;39m [2m---[0;39m [2m[  restartedMain][0;39m [36mo.a.c.c.C.[Tomcat].[localhost].[/]      [0;39m [2m:[0;39m Initializing Spring embedded WebApplicationContext
[2m2023-03-22 23:10:50.570[0;39m [32m INFO[0;39m [35m12100[0;39m [2m---[0;39m [2m[  restartedMain][0;39m [36mw.s.c.ServletWebServerApplicationContext[0;39m [2m:[0;39m Root WebApplicationContext: initialization completed in 949 ms
[2m2023-03-22 23:10:50.696[0;39m [32m INFO[0;39m [35m12100[0;39m [2m---[0;39m [2m[  restartedMain][0;39m [36mo.s.b.a.e.web.ServletEndpointRegistrar  [0;39m [2m:[0;39m Registered '/manage/jolokia' to jolokia-actuator-endpoint
[2m2023-03-22 23:10:51.025[0;39m [33m WARN[0;39m [35m12100[0;39m [2m---[0;39m [2m[  restartedMain][0;39m [36mo.s.b.d.a.OptionalLiveReloadServer      [0;39m [2m:[0;39m Unable to start LiveReload server
[2m2023-03-22 23:10:51.025[0;39m [32m INFO[0;39m [35m12100[0;39m [2m---[0;39m [2m[  restartedMain][0;39m [36mo.s.b.a.e.web.EndpointLinksResolver     [0;39m [2m:[0;39m Exposing 16 endpoint(s) beneath base path '/manage'
[2m2023-03-22 23:10:51.057[0;39m [32m INFO[0;39m [35m12100[0;39m [2m---[0;39m [2m[  restartedMain][0;39m [36mo.s.b.w.embedded.tomcat.TomcatWebServer [0;39m [2m:[0;39m Tomcat started on port(s): 8098 (http) with context path ''
[2m2023-03-22 23:10:51.073[0;39m [32m INFO[0;39m [35m12100[0;39m [2m---[0;39m [2m[  restartedMain][0;39m [36mc.s.x.s.SpringBootAdminClientApplication[0;39m [2m:[0;39m Started SpringBootAdminClientApplication in 1.921 seconds (JVM running for 2.587)
[2m2023-03-22 23:10:51.646[0;39m [32m INFO[0;39m [35m12100[0;39m [2m---[0;39m [2m[)-192.168.3.185][0;39m [36mo.a.c.c.C.[Tomcat].[localhost].[/]      [0;39m [2m:[0;39m Initializing Spring DispatcherServlet 'dispatcherServlet'
[2m2023-03-22 23:10:51.646[0;39m [32m INFO[0;39m [35m12100[0;39m [2m---[0;39m [2m[)-192.168.3.185][0;39m [36mo.s.web.servlet.DispatcherServlet       [0;39m [2m:[0;39m Initializing Servlet 'dispatcherServlet'
[2m2023-03-22 23:10:51.654[0;39m [32m INFO[0;39m [35m12100[0;39m [2m---[0;39m [2m[)-192.168.3.185][0;39m [36mo.s.web.servlet.DispatcherServlet       [0;39m [2m:[0;39m Completed initialization in 8 ms
[2m2023-03-22 23:10:53.184[0;39m [33m WARN[0;39m [35m12100[0;39m [2m---[0;39m [2m[gistrationTask1][0;39m [36md.c.b.a.c.r.ApplicationRegistrator      [0;39m [2m:[0;39m Failed to register application as Application(name=true, managementUrl=http://shenlx-pc:8098/manage, healthUrl=http://shenlx-pc:8098/manage/health, serviceUrl=http://shenlx-pc:8098/) at spring-boot-admin ([http://127.0.0.1:8097/instances]): I/O error on POST request for "http://127.0.0.1:8097/instances": Connection refused: connect; nested exception is java.net.ConnectException: Connection refused: connect. Further attempts are logged on DEBUG level
