[2m2023-03-22 16:08:46.618[0;39m [32m INFO[0;39m [35m9936[0;39m [2m---[0;39m [2m[  restartedMain][0;39m [36mc.s.x.s.SpringBootAdminServerApplication[0;39m [2m:[0;39m Starting SpringBootAdminServerApplication using Java 11.0.12 on shenlx-pc with PID 9936 (D:\workspace-github-project\my-spring-all-service\spring-boot-admin\spring-boot-admin-server\target\classes started by lenovo in D:\workspace-github-project\my-spring-all-service)
[2m2023-03-22 16:08:46.618[0;39m [32m INFO[0;39m [35m9936[0;39m [2m---[0;39m [2m[  restartedMain][0;39m [36mc.s.x.s.SpringBootAdminServerApplication[0;39m [2m:[0;39m No active profile set, falling back to 1 default profile: "default"
[2m2023-03-22 16:08:46.665[0;39m [32m INFO[0;39m [35m9936[0;39m [2m---[0;39m [2m[  restartedMain][0;39m [36m.e.DevToolsPropertyDefaultsPostProcessor[0;39m [2m:[0;39m Devtools property defaults active! Set 'spring.devtools.add-properties' to 'false' to disable
[2m2023-03-22 16:08:46.665[0;39m [32m INFO[0;39m [35m9936[0;39m [2m---[0;39m [2m[  restartedMain][0;39m [36m.e.DevToolsPropertyDefaultsPostProcessor[0;39m [2m:[0;39m For additional web related logging consider setting the 'logging.level.web' property to 'DEBUG'
[2m2023-03-22 16:08:47.417[0;39m [31mERROR[0;39m [35m9936[0;39m [2m---[0;39m [2m[  restartedMain][0;39m [36mo.a.catalina.core.AprLifecycleListener  [0;39m [2m:[0;39m An incompatible version [1.2.12] of the Apache Tomcat Native library is installed, while Tomcat requires version [1.2.14]
[2m2023-03-22 16:08:47.580[0;39m [32m INFO[0;39m [35m9936[0;39m [2m---[0;39m [2m[  restartedMain][0;39m [36mo.s.b.w.embedded.tomcat.TomcatWebServer [0;39m [2m:[0;39m Tomcat initialized with port(s): 8097 (http)
[2m2023-03-22 16:08:47.580[0;39m [32m INFO[0;39m [35m9936[0;39m [2m---[0;39m [2m[  restartedMain][0;39m [36mo.apache.catalina.core.StandardService  [0;39m [2m:[0;39m Starting service [Tomcat]
[2m2023-03-22 16:08:47.580[0;39m [32m INFO[0;39m [35m9936[0;39m [2m---[0;39m [2m[  restartedMain][0;39m [36morg.apache.catalina.core.StandardEngine [0;39m [2m:[0;39m Starting Servlet engine: [Apache Tomcat/9.0.68]
[2m2023-03-22 16:08:47.643[0;39m [32m INFO[0;39m [35m9936[0;39m [2m---[0;39m [2m[  restartedMain][0;39m [36mo.a.c.c.C.[Tomcat].[localhost].[/]      [0;39m [2m:[0;39m Initializing Spring embedded WebApplicationContext
[2m2023-03-22 16:08:47.643[0;39m [32m INFO[0;39m [35m9936[0;39m [2m---[0;39m [2m[  restartedMain][0;39m [36mw.s.c.ServletWebServerApplicationContext[0;39m [2m:[0;39m Root WebApplicationContext: initialization completed in 978 ms
[2m2023-03-22 16:08:47.957[0;39m [33m WARN[0;39m [35m9936[0;39m [2m---[0;39m [2m[  restartedMain][0;39m [36mion$DefaultTemplateResolverConfiguration[0;39m [2m:[0;39m Cannot find template location: classpath:/templates/ (please add some templates, check your Thymeleaf configuration, or set spring.thymeleaf.check-template-location=false)
[2m2023-03-22 16:08:48.464[0;39m [32m INFO[0;39m [35m9936[0;39m [2m---[0;39m [2m[  restartedMain][0;39m [36mo.s.b.d.a.OptionalLiveReloadServer      [0;39m [2m:[0;39m LiveReload server is running on port 35729
[2m2023-03-22 16:08:48.479[0;39m [32m INFO[0;39m [35m9936[0;39m [2m---[0;39m [2m[  restartedMain][0;39m [36mo.s.b.a.e.web.EndpointLinksResolver     [0;39m [2m:[0;39m Exposing 1 endpoint(s) beneath base path '/actuator'
[2m2023-03-22 16:08:48.495[0;39m [32m INFO[0;39m [35m9936[0;39m [2m---[0;39m [2m[  restartedMain][0;39m [36mo.s.b.w.embedded.tomcat.TomcatWebServer [0;39m [2m:[0;39m Tomcat started on port(s): 8097 (http) with context path ''
[2m2023-03-22 16:08:48.511[0;39m [32m INFO[0;39m [35m9936[0;39m [2m---[0;39m [2m[  restartedMain][0;39m [36mc.s.x.s.SpringBootAdminServerApplication[0;39m [2m:[0;39m Started SpringBootAdminServerApplication in 2.353 seconds (JVM running for 3.096)
[2m2023-03-22 16:08:49.909[0;39m [32m INFO[0;39m [35m9936[0;39m [2m---[0;39m [2m[nio-8097-exec-1][0;39m [36mo.a.c.c.C.[Tomcat].[localhost].[/]      [0;39m [2m:[0;39m Initializing Spring DispatcherServlet 'dispatcherServlet'
[2m2023-03-22 16:08:49.909[0;39m [32m INFO[0;39m [35m9936[0;39m [2m---[0;39m [2m[nio-8097-exec-1][0;39m [36mo.s.web.servlet.DispatcherServlet       [0;39m [2m:[0;39m Initializing Servlet 'dispatcherServlet'
[2m2023-03-22 16:08:49.909[0;39m [32m INFO[0;39m [35m9936[0;39m [2m---[0;39m [2m[nio-8097-exec-1][0;39m [36mo.s.web.servlet.DispatcherServlet       [0;39m [2m:[0;39m Completed initialization in 0 ms
[2m2023-03-22 16:09:16.009[0;39m [32m INFO[0;39m [35m19968[0;39m [2m---[0;39m [2m[  restartedMain][0;39m [36mc.s.x.s.SpringBootAdminServerApplication[0;39m [2m:[0;39m Starting SpringBootAdminServerApplication using Java 11.0.12 on shenlx-pc with PID 19968 (D:\workspace-github-project\my-spring-all-service\spring-boot-admin\spring-boot-admin-server\target\classes started by lenovo in D:\workspace-github-project\my-spring-all-service)
[2m2023-03-22 16:09:16.009[0;39m [32m INFO[0;39m [35m19968[0;39m [2m---[0;39m [2m[  restartedMain][0;39m [36mc.s.x.s.SpringBootAdminServerApplication[0;39m [2m:[0;39m No active profile set, falling back to 1 default profile: "default"
[2m2023-03-22 16:09:16.071[0;39m [32m INFO[0;39m [35m19968[0;39m [2m---[0;39m [2m[  restartedMain][0;39m [36m.e.DevToolsPropertyDefaultsPostProcessor[0;39m [2m:[0;39m Devtools property defaults active! Set 'spring.devtools.add-properties' to 'false' to disable
[2m2023-03-22 16:09:16.071[0;39m [32m INFO[0;39m [35m19968[0;39m [2m---[0;39m [2m[  restartedMain][0;39m [36m.e.DevToolsPropertyDefaultsPostProcessor[0;39m [2m:[0;39m For additional web related logging consider setting the 'logging.level.web' property to 'DEBUG'
[2m2023-03-22 16:09:16.844[0;39m [31mERROR[0;39m [35m19968[0;39m [2m---[0;39m [2m[  restartedMain][0;39m [36mo.a.catalina.core.AprLifecycleListener  [0;39m [2m:[0;39m An incompatible version [1.2.12] of the Apache Tomcat Native library is installed, while Tomcat requires version [1.2.14]
[2m2023-03-22 16:09:16.987[0;39m [32m INFO[0;39m [35m19968[0;39m [2m---[0;39m [2m[  restartedMain][0;39m [36mo.s.b.w.embedded.tomcat.TomcatWebServer [0;39m [2m:[0;39m Tomcat initialized with port(s): 8097 (http)
[2m2023-03-22 16:09:17.002[0;39m [32m INFO[0;39m [35m19968[0;39m [2m---[0;39m [2m[  restartedMain][0;39m [36mo.apache.catalina.core.StandardService  [0;39m [2m:[0;39m Starting service [Tomcat]
[2m2023-03-22 16:09:17.002[0;39m [32m INFO[0;39m [35m19968[0;39m [2m---[0;39m [2m[  restartedMain][0;39m [36morg.apache.catalina.core.StandardEngine [0;39m [2m:[0;39m Starting Servlet engine: [Apache Tomcat/9.0.68]
[2m2023-03-22 16:09:17.050[0;39m [32m INFO[0;39m [35m19968[0;39m [2m---[0;39m [2m[  restartedMain][0;39m [36mo.a.c.c.C.[Tomcat].[localhost].[/]      [0;39m [2m:[0;39m Initializing Spring embedded WebApplicationContext
[2m2023-03-22 16:09:17.066[0;39m [32m INFO[0;39m [35m19968[0;39m [2m---[0;39m [2m[  restartedMain][0;39m [36mw.s.c.ServletWebServerApplicationContext[0;39m [2m:[0;39m Root WebApplicationContext: initialization completed in 995 ms
[2m2023-03-22 16:09:17.350[0;39m [33m WARN[0;39m [35m19968[0;39m [2m---[0;39m [2m[  restartedMain][0;39m [36mion$DefaultTemplateResolverConfiguration[0;39m [2m:[0;39m Cannot find template location: classpath:/templates/ (please add some templates, check your Thymeleaf configuration, or set spring.thymeleaf.check-template-location=false)
[2m2023-03-22 16:09:17.871[0;39m [32m INFO[0;39m [35m19968[0;39m [2m---[0;39m [2m[  restartedMain][0;39m [36mo.s.b.d.a.OptionalLiveReloadServer      [0;39m [2m:[0;39m LiveReload server is running on port 35729
[2m2023-03-22 16:09:17.882[0;39m [32m INFO[0;39m [35m19968[0;39m [2m---[0;39m [2m[  restartedMain][0;39m [36mo.s.b.a.e.web.EndpointLinksResolver     [0;39m [2m:[0;39m Exposing 1 endpoint(s) beneath base path '/actuator'
[2m2023-03-22 16:09:17.919[0;39m [32m INFO[0;39m [35m19968[0;39m [2m---[0;39m [2m[  restartedMain][0;39m [36mo.s.b.w.embedded.tomcat.TomcatWebServer [0;39m [2m:[0;39m Tomcat started on port(s): 8097 (http) with context path ''
[2m2023-03-22 16:09:17.934[0;39m [32m INFO[0;39m [35m19968[0;39m [2m---[0;39m [2m[  restartedMain][0;39m [36mc.s.x.s.SpringBootAdminServerApplication[0;39m [2m:[0;39m Started SpringBootAdminServerApplication in 2.377 seconds (JVM running for 3.069)
[2m2023-03-22 16:09:18.109[0;39m [32m INFO[0;39m [35m19968[0;39m [2m---[0;39m [2m[nio-8097-exec-2][0;39m [36mo.a.c.c.C.[Tomcat].[localhost].[/]      [0;39m [2m:[0;39m Initializing Spring DispatcherServlet 'dispatcherServlet'
[2m2023-03-22 16:09:18.109[0;39m [32m INFO[0;39m [35m19968[0;39m [2m---[0;39m [2m[nio-8097-exec-2][0;39m [36mo.s.web.servlet.DispatcherServlet       [0;39m [2m:[0;39m Initializing Servlet 'dispatcherServlet'
[2m2023-03-22 16:09:18.109[0;39m [32m INFO[0;39m [35m19968[0;39m [2m---[0;39m [2m[nio-8097-exec-2][0;39m [36mo.s.web.servlet.DispatcherServlet       [0;39m [2m:[0;39m Completed initialization in 0 ms
