2023-03-22 14:40:32,875 [restartedMain] INFO  [c.s.x.s.SpringBootAdminServerApplication] StartupInfoLogger.java:55 - Starting SpringBootAdminServerApplication using Java 11.0.12 on shenlx-pc with PID 6048 (D:\workspace-github-project\my-spring-all-service\spring-boot-admin\spring-boot-admin-server\target\classes started by lenovo in D:\workspace-github-project\my-spring-all-service)
2023-03-22 14:40:32,878 [restartedMain] INFO  [c.s.x.s.SpringBootAdminServerApplication] SpringApplication.java:634 - No active profile set, falling back to 1 default profile: "default"
2023-03-22 14:40:32,932 [restartedMain] INFO  [o.s.b.d.env.DevToolsPropertyDefaultsPostProcessor] DeferredLog.java:255 - Devtools property defaults active! Set 'spring.devtools.add-properties' to 'false' to disable
2023-03-22 14:40:32,934 [restartedMain] INFO  [o.s.b.d.env.DevToolsPropertyDefaultsPostProcessor] DeferredLog.java:255 - For additional web related logging consider setting the 'logging.level.web' property to 'DEBUG'
2023-03-22 14:40:33,801 [restartedMain] ERROR [org.apache.catalina.core.AprLifecycleListener] DirectJDKLog.java:173 - An incompatible version [1.2.12] of the Apache Tomcat Native library is installed, while Tomcat requires version [1.2.14]
2023-03-22 14:40:34,027 [restartedMain] INFO  [o.s.boot.web.embedded.tomcat.TomcatWebServer] TomcatWebServer.java:108 - Tomcat initialized with port(s): 8097 (http)
2023-03-22 14:40:34,033 [restartedMain] INFO  [org.apache.coyote.http11.Http11NioProtocol] DirectJDKLog.java:173 - Initializing ProtocolHandler ["http-nio-8097"]
2023-03-22 14:40:34,034 [restartedMain] INFO  [org.apache.catalina.core.StandardService] DirectJDKLog.java:173 - Starting service [Tomcat]
2023-03-22 14:40:34,034 [restartedMain] INFO  [org.apache.catalina.core.StandardEngine] DirectJDKLog.java:173 - Starting Servlet engine: [Apache Tomcat/9.0.68]
2023-03-22 14:40:34,082 [restartedMain] INFO  [o.a.c.core.ContainerBase.[Tomcat].[localhost].[/]] DirectJDKLog.java:173 - Initializing Spring embedded WebApplicationContext
2023-03-22 14:40:34,082 [restartedMain] INFO  [o.s.b.w.s.c.ServletWebServerApplicationContext] ServletWebServerApplicationContext.java:292 - Root WebApplicationContext: initialization completed in 1147 ms
2023-03-22 14:40:34,396 [restartedMain] WARN  [o.s.b.a.t.ThymeleafAutoConfiguration$DefaultTemplateResolverConfiguration] ThymeleafAutoConfiguration.java:103 - Cannot find template location: classpath:/templates/ (please add some templates, check your Thymeleaf configuration, or set spring.thymeleaf.check-template-location=false)
2023-03-22 14:40:35,007 [restartedMain] INFO  [o.s.b.d.autoconfigure.OptionalLiveReloadServer] OptionalLiveReloadServer.java:59 - LiveReload server is running on port 35729
2023-03-22 14:40:35,015 [restartedMain] INFO  [o.s.b.actuate.endpoint.web.EndpointLinksResolver] EndpointLinksResolver.java:58 - Exposing 1 endpoint(s) beneath base path '/actuator'
2023-03-22 14:40:35,097 [restartedMain] INFO  [org.apache.coyote.http11.Http11NioProtocol] DirectJDKLog.java:173 - Starting ProtocolHandler ["http-nio-8097"]
2023-03-22 14:40:35,109 [restartedMain] INFO  [o.s.boot.web.embedded.tomcat.TomcatWebServer] TomcatWebServer.java:220 - Tomcat started on port(s): 8097 (http) with context path ''
2023-03-22 14:40:35,166 [restartedMain] INFO  [c.s.x.s.SpringBootAdminServerApplication] StartupInfoLogger.java:61 - Started SpringBootAdminServerApplication in 2.743 seconds (JVM running for 3.599)
2023-03-22 14:40:35,215 [http-nio-8097-exec-2] INFO  [o.a.c.core.ContainerBase.[Tomcat].[localhost].[/]] DirectJDKLog.java:173 - Initializing Spring DispatcherServlet 'dispatcherServlet'
2023-03-22 14:40:35,215 [http-nio-8097-exec-2] INFO  [org.springframework.web.servlet.DispatcherServlet] FrameworkServlet.java:525 - Initializing Servlet 'dispatcherServlet'
2023-03-22 14:40:35,216 [http-nio-8097-exec-2] INFO  [org.springframework.web.servlet.DispatcherServlet] FrameworkServlet.java:547 - Completed initialization in 1 ms
2023-03-22 14:41:32,281 [restartedMain] INFO  [c.s.x.s.SpringBootAdminServerApplication] StartupInfoLogger.java:55 - Starting SpringBootAdminServerApplication using Java 11.0.12 on shenlx-pc with PID 2112 (D:\workspace-github-project\my-spring-all-service\spring-boot-admin\spring-boot-admin-server\target\classes started by lenovo in D:\workspace-github-project\my-spring-all-service)
2023-03-22 14:41:32,285 [restartedMain] INFO  [c.s.x.s.SpringBootAdminServerApplication] SpringApplication.java:634 - No active profile set, falling back to 1 default profile: "default"
2023-03-22 14:41:32,343 [restartedMain] INFO  [o.s.b.d.env.DevToolsPropertyDefaultsPostProcessor] DeferredLog.java:255 - Devtools property defaults active! Set 'spring.devtools.add-properties' to 'false' to disable
2023-03-22 14:41:32,343 [restartedMain] INFO  [o.s.b.d.env.DevToolsPropertyDefaultsPostProcessor] DeferredLog.java:255 - For additional web related logging consider setting the 'logging.level.web' property to 'DEBUG'
2023-03-22 14:41:33,122 [restartedMain] ERROR [org.apache.catalina.core.AprLifecycleListener] DirectJDKLog.java:173 - An incompatible version [1.2.12] of the Apache Tomcat Native library is installed, while Tomcat requires version [1.2.14]
2023-03-22 14:41:33,304 [restartedMain] INFO  [o.s.boot.web.embedded.tomcat.TomcatWebServer] TomcatWebServer.java:108 - Tomcat initialized with port(s): 8097 (http)
2023-03-22 14:41:33,313 [restartedMain] INFO  [org.apache.coyote.http11.Http11NioProtocol] DirectJDKLog.java:173 - Initializing ProtocolHandler ["http-nio-8097"]
2023-03-22 14:41:33,313 [restartedMain] INFO  [org.apache.catalina.core.StandardService] DirectJDKLog.java:173 - Starting service [Tomcat]
2023-03-22 14:41:33,313 [restartedMain] INFO  [org.apache.catalina.core.StandardEngine] DirectJDKLog.java:173 - Starting Servlet engine: [Apache Tomcat/9.0.68]
2023-03-22 14:41:33,361 [restartedMain] INFO  [o.a.c.core.ContainerBase.[Tomcat].[localhost].[/]] DirectJDKLog.java:173 - Initializing Spring embedded WebApplicationContext
2023-03-22 14:41:33,362 [restartedMain] INFO  [o.s.b.w.s.c.ServletWebServerApplicationContext] ServletWebServerApplicationContext.java:292 - Root WebApplicationContext: initialization completed in 1018 ms
2023-03-22 14:41:33,670 [restartedMain] WARN  [o.s.b.a.t.ThymeleafAutoConfiguration$DefaultTemplateResolverConfiguration] ThymeleafAutoConfiguration.java:103 - Cannot find template location: classpath:/templates/ (please add some templates, check your Thymeleaf configuration, or set spring.thymeleaf.check-template-location=false)
2023-03-22 14:41:34,186 [restartedMain] INFO  [o.s.b.d.autoconfigure.OptionalLiveReloadServer] OptionalLiveReloadServer.java:59 - LiveReload server is running on port 35729
2023-03-22 14:41:34,191 [restartedMain] INFO  [o.s.b.actuate.endpoint.web.EndpointLinksResolver] EndpointLinksResolver.java:58 - Exposing 1 endpoint(s) beneath base path '/actuator'
2023-03-22 14:41:34,208 [restartedMain] INFO  [org.apache.coyote.http11.Http11NioProtocol] DirectJDKLog.java:173 - Starting ProtocolHandler ["http-nio-8097"]
2023-03-22 14:41:34,216 [restartedMain] INFO  [o.s.boot.web.embedded.tomcat.TomcatWebServer] TomcatWebServer.java:220 - Tomcat started on port(s): 8097 (http) with context path ''
2023-03-22 14:41:34,231 [restartedMain] INFO  [c.s.x.s.SpringBootAdminServerApplication] StartupInfoLogger.java:61 - Started SpringBootAdminServerApplication in 2.376 seconds (JVM running for 3.165)
2023-03-22 14:41:34,343 [http-nio-8097-exec-1] INFO  [o.a.c.core.ContainerBase.[Tomcat].[localhost].[/]] DirectJDKLog.java:173 - Initializing Spring DispatcherServlet 'dispatcherServlet'
2023-03-22 14:41:34,344 [http-nio-8097-exec-1] INFO  [org.springframework.web.servlet.DispatcherServlet] FrameworkServlet.java:525 - Initializing Servlet 'dispatcherServlet'
2023-03-22 14:41:34,345 [http-nio-8097-exec-1] INFO  [org.springframework.web.servlet.DispatcherServlet] FrameworkServlet.java:547 - Completed initialization in 1 ms
2023-03-22 14:43:51,529 [restartedMain] INFO  [c.s.x.s.SpringBootAdminServerApplication] StartupInfoLogger.java:55 - Starting SpringBootAdminServerApplication using Java 11.0.12 on shenlx-pc with PID 1364 (D:\workspace-github-project\my-spring-all-service\spring-boot-admin\spring-boot-admin-server\target\classes started by lenovo in D:\workspace-github-project\my-spring-all-service)
2023-03-22 14:43:51,534 [restartedMain] INFO  [c.s.x.s.SpringBootAdminServerApplication] SpringApplication.java:634 - No active profile set, falling back to 1 default profile: "default"
2023-03-22 14:43:51,598 [restartedMain] INFO  [o.s.b.d.env.DevToolsPropertyDefaultsPostProcessor] DeferredLog.java:255 - Devtools property defaults active! Set 'spring.devtools.add-properties' to 'false' to disable
2023-03-22 14:43:51,598 [restartedMain] INFO  [o.s.b.d.env.DevToolsPropertyDefaultsPostProcessor] DeferredLog.java:255 - For additional web related logging consider setting the 'logging.level.web' property to 'DEBUG'
2023-03-22 14:43:52,403 [restartedMain] ERROR [org.apache.catalina.core.AprLifecycleListener] DirectJDKLog.java:173 - An incompatible version [1.2.12] of the Apache Tomcat Native library is installed, while Tomcat requires version [1.2.14]
2023-03-22 14:43:52,608 [restartedMain] INFO  [o.s.boot.web.embedded.tomcat.TomcatWebServer] TomcatWebServer.java:108 - Tomcat initialized with port(s): 8097 (http)
2023-03-22 14:43:52,615 [restartedMain] INFO  [org.apache.coyote.http11.Http11NioProtocol] DirectJDKLog.java:173 - Initializing ProtocolHandler ["http-nio-8097"]
2023-03-22 14:43:52,616 [restartedMain] INFO  [org.apache.catalina.core.StandardService] DirectJDKLog.java:173 - Starting service [Tomcat]
2023-03-22 14:43:52,616 [restartedMain] INFO  [org.apache.catalina.core.StandardEngine] DirectJDKLog.java:173 - Starting Servlet engine: [Apache Tomcat/9.0.68]
2023-03-22 14:43:52,664 [restartedMain] INFO  [o.a.c.core.ContainerBase.[Tomcat].[localhost].[/]] DirectJDKLog.java:173 - Initializing Spring embedded WebApplicationContext
2023-03-22 14:43:52,664 [restartedMain] INFO  [o.s.b.w.s.c.ServletWebServerApplicationContext] ServletWebServerApplicationContext.java:292 - Root WebApplicationContext: initialization completed in 1065 ms
2023-03-22 14:43:52,988 [restartedMain] WARN  [o.s.b.a.t.ThymeleafAutoConfiguration$DefaultTemplateResolverConfiguration] ThymeleafAutoConfiguration.java:103 - Cannot find template location: classpath:/templates/ (please add some templates, check your Thymeleaf configuration, or set spring.thymeleaf.check-template-location=false)
2023-03-22 14:43:53,524 [restartedMain] INFO  [o.s.b.d.autoconfigure.OptionalLiveReloadServer] OptionalLiveReloadServer.java:59 - LiveReload server is running on port 35729
2023-03-22 14:43:53,529 [restartedMain] INFO  [o.s.b.actuate.endpoint.web.EndpointLinksResolver] EndpointLinksResolver.java:58 - Exposing 1 endpoint(s) beneath base path '/actuator'
2023-03-22 14:43:53,546 [restartedMain] INFO  [org.apache.coyote.http11.Http11NioProtocol] DirectJDKLog.java:173 - Starting ProtocolHandler ["http-nio-8097"]
2023-03-22 14:43:53,554 [restartedMain] INFO  [o.s.boot.web.embedded.tomcat.TomcatWebServer] TomcatWebServer.java:220 - Tomcat started on port(s): 8097 (http) with context path ''
2023-03-22 14:43:53,569 [restartedMain] INFO  [c.s.x.s.SpringBootAdminServerApplication] StartupInfoLogger.java:61 - Started SpringBootAdminServerApplication in 2.49 seconds (JVM running for 3.29)
2023-03-22 14:43:55,345 [http-nio-8097-exec-1] INFO  [o.a.c.core.ContainerBase.[Tomcat].[localhost].[/]] DirectJDKLog.java:173 - Initializing Spring DispatcherServlet 'dispatcherServlet'
2023-03-22 14:43:55,345 [http-nio-8097-exec-1] INFO  [org.springframework.web.servlet.DispatcherServlet] FrameworkServlet.java:525 - Initializing Servlet 'dispatcherServlet'
2023-03-22 14:43:55,346 [http-nio-8097-exec-1] INFO  [org.springframework.web.servlet.DispatcherServlet] FrameworkServlet.java:547 - Completed initialization in 1 ms
2023-03-22 15:56:45,479 [reactor-http-nio-8] INFO  [d.c.boot.admin.server.services.StatusUpdater] StatusUpdater.java:127 - Couldn't retrieve status for Instance(id=ed6d38626fba, version=3, registration=Registration(name=true, managementUrl=http://shenlx-pc:8098/manage, healthUrl=http://shenlx-pc:8098/manage/health, serviceUrl=http://shenlx-pc:8098/, source=http-api), registered=true, statusInfo=StatusInfo(status=UP, details={diskSpace={status=UP, details={total=403396620288, free=192551636992, threshold=10485760, exists=true}}, ping={status=UP}}), statusTimestamp=2023-03-22T06:52:24.764049100Z, info=Info(values={}), endpoints=Endpoints(endpoints={caches=Endpoint(id=caches, url=http://shenlx-pc:8098/manage/caches), loggers=Endpoint(id=loggers, url=http://shenlx-pc:8098/manage/loggers), logfile=Endpoint(id=logfile, url=http://shenlx-pc:8098/manage/logfile), health=Endpoint(id=health, url=http://shenlx-pc:8098/manage/health), env=Endpoint(id=env, url=http://shenlx-pc:8098/manage/env), heapdump=Endpoint(id=heapdump, url=http://shenlx-pc:8098/manage/heapdump), scheduledtasks=Endpoint(id=scheduledtasks, url=http://shenlx-pc:8098/manage/scheduledtasks), mappings=Endpoint(id=mappings, url=http://shenlx-pc:8098/manage/mappings), beans=Endpoint(id=beans, url=http://shenlx-pc:8098/manage/beans), configprops=Endpoint(id=configprops, url=http://shenlx-pc:8098/manage/configprops), threaddump=Endpoint(id=threaddump, url=http://shenlx-pc:8098/manage/threaddump), metrics=Endpoint(id=metrics, url=http://shenlx-pc:8098/manage/metrics), conditions=Endpoint(id=conditions, url=http://shenlx-pc:8098/manage/conditions), shutdown=Endpoint(id=shutdown, url=http://shenlx-pc:8098/manage/shutdown), info=Endpoint(id=info, url=http://shenlx-pc:8098/manage/info)}), buildVersion=null, tags=Tags(values={}))
org.springframework.web.reactive.function.client.WebClientRequestException: Connection refused: no further information: localhost/127.0.0.1:8098; nested exception is io.netty.channel.AbstractChannel$AnnotatedConnectException: Connection refused: no further information: localhost/127.0.0.1:8098
	at org.springframework.web.reactive.function.client.ExchangeFunctions$DefaultExchangeFunction.lambda$wrapException$9(ExchangeFunctions.java:141)
	Suppressed: reactor.core.publisher.FluxOnAssembly$OnAssemblyException: 
Error has been observed at the following site(s):
	*__checkpoint ⇢ Request to GET health [DefaultWebClient]
Original Stack Trace:
		at org.springframework.web.reactive.function.client.ExchangeFunctions$DefaultExchangeFunction.lambda$wrapException$9(ExchangeFunctions.java:141)
		at reactor.core.publisher.MonoErrorSupplied.subscribe(MonoErrorSupplied.java:55)
		at reactor.core.publisher.Mono.subscribe(Mono.java:4455)
		at reactor.core.publisher.FluxOnErrorResume$ResumeSubscriber.onError(FluxOnErrorResume.java:103)
		at reactor.core.publisher.FluxPeek$PeekSubscriber.onError(FluxPeek.java:222)
		at reactor.core.publisher.FluxPeek$PeekSubscriber.onError(FluxPeek.java:222)
		at reactor.core.publisher.FluxPeek$PeekSubscriber.onError(FluxPeek.java:222)
		at reactor.core.publisher.MonoNext$NextSubscriber.onError(MonoNext.java:93)
		at reactor.core.publisher.MonoFlatMapMany$FlatMapManyMain.onError(MonoFlatMapMany.java:204)
		at reactor.core.publisher.SerializedSubscriber.onError(SerializedSubscriber.java:124)
		at reactor.core.publisher.FluxRetryWhen$RetryWhenMainSubscriber.whenError(FluxRetryWhen.java:225)
		at reactor.core.publisher.FluxRetryWhen$RetryWhenOtherSubscriber.onError(FluxRetryWhen.java:274)
		at reactor.core.publisher.FluxConcatMap$ConcatMapImmediate.drain(FluxConcatMap.java:415)
		at reactor.core.publisher.FluxConcatMap$ConcatMapImmediate.onNext(FluxConcatMap.java:251)
		at reactor.core.publisher.EmitterProcessor.drain(EmitterProcessor.java:537)
		at reactor.core.publisher.EmitterProcessor.tryEmitNext(EmitterProcessor.java:343)
		at reactor.core.publisher.SinkManySerialized.tryEmitNext(SinkManySerialized.java:100)
		at reactor.core.publisher.InternalManySink.emitNext(InternalManySink.java:27)
		at reactor.core.publisher.FluxRetryWhen$RetryWhenMainSubscriber.onError(FluxRetryWhen.java:190)
		at reactor.core.publisher.MonoCreate$DefaultMonoSink.error(MonoCreate.java:201)
		at reactor.netty.http.client.HttpClientConnect$MonoHttpConnect$ClientTransportSubscriber.onError(HttpClientConnect.java:307)
		at reactor.core.publisher.MonoCreate$DefaultMonoSink.error(MonoCreate.java:201)
		at reactor.netty.resources.DefaultPooledConnectionProvider$DisposableAcquire.onError(DefaultPooledConnectionProvider.java:158)
		at reactor.netty.internal.shaded.reactor.pool.AbstractPool$Borrower.fail(AbstractPool.java:475)
		at reactor.netty.internal.shaded.reactor.pool.SimpleDequePool.lambda$drainLoop$9(SimpleDequePool.java:431)
		at reactor.core.publisher.FluxDoOnEach$DoOnEachSubscriber.onError(FluxDoOnEach.java:186)
		at reactor.core.publisher.MonoCreate$DefaultMonoSink.error(MonoCreate.java:201)
		at reactor.netty.resources.DefaultPooledConnectionProvider$PooledConnectionAllocator$PooledConnectionInitializer.onError(DefaultPooledConnectionProvider.java:548)
		at reactor.core.publisher.MonoFlatMap$FlatMapMain.secondError(MonoFlatMap.java:192)
		at reactor.core.publisher.MonoFlatMap$FlatMapInner.onError(MonoFlatMap.java:259)
		at reactor.core.publisher.FluxOnErrorResume$ResumeSubscriber.onError(FluxOnErrorResume.java:106)
		at reactor.core.publisher.Operators.error(Operators.java:198)
		at reactor.core.publisher.MonoError.subscribe(MonoError.java:53)
		at reactor.core.publisher.Mono.subscribe(Mono.java:4455)
		at reactor.core.publisher.FluxOnErrorResume$ResumeSubscriber.onError(FluxOnErrorResume.java:103)
		at reactor.netty.transport.TransportConnector$MonoChannelPromise.tryFailure(TransportConnector.java:538)
		at reactor.netty.transport.TransportConnector$MonoChannelPromise.setFailure(TransportConnector.java:492)
		at reactor.netty.transport.TransportConnector.lambda$doConnect$7(TransportConnector.java:227)
		at io.netty.util.concurrent.DefaultPromise.notifyListener0(DefaultPromise.java:578)
		at io.netty.util.concurrent.DefaultPromise.notifyListeners0(DefaultPromise.java:571)
		at io.netty.util.concurrent.DefaultPromise.notifyListenersNow(DefaultPromise.java:550)
		at io.netty.util.concurrent.DefaultPromise.notifyListeners(DefaultPromise.java:491)
		at io.netty.util.concurrent.DefaultPromise.setValue0(DefaultPromise.java:616)
		at io.netty.util.concurrent.DefaultPromise.setFailure0(DefaultPromise.java:609)
		at io.netty.util.concurrent.DefaultPromise.tryFailure(DefaultPromise.java:117)
		at io.netty.channel.nio.AbstractNioChannel$AbstractNioUnsafe.fulfillConnectPromise(AbstractNioChannel.java:321)
		at io.netty.channel.nio.AbstractNioChannel$AbstractNioUnsafe.finishConnect(AbstractNioChannel.java:337)
		at io.netty.channel.nio.NioEventLoop.processSelectedKey(NioEventLoop.java:776)
		at io.netty.channel.nio.NioEventLoop.processSelectedKeysOptimized(NioEventLoop.java:724)
		at io.netty.channel.nio.NioEventLoop.processSelectedKeys(NioEventLoop.java:650)
		at io.netty.channel.nio.NioEventLoop.run(NioEventLoop.java:562)
		at io.netty.util.concurrent.SingleThreadEventExecutor$4.run(SingleThreadEventExecutor.java:997)
		at io.netty.util.internal.ThreadExecutorMap$2.run(ThreadExecutorMap.java:74)
		at io.netty.util.concurrent.FastThreadLocalRunnable.run(FastThreadLocalRunnable.java:30)
		at java.base/java.lang.Thread.run(Thread.java:834)
Caused by: io.netty.channel.AbstractChannel$AnnotatedConnectException: Connection refused: no further information: localhost/127.0.0.1:8098
Caused by: java.net.ConnectException: Connection refused: no further information
	at java.base/sun.nio.ch.SocketChannelImpl.checkConnect(Native Method)
	at java.base/sun.nio.ch.SocketChannelImpl.finishConnect(SocketChannelImpl.java:779)
	at io.netty.channel.socket.nio.NioSocketChannel.doFinishConnect(NioSocketChannel.java:337)
	at io.netty.channel.nio.AbstractNioChannel$AbstractNioUnsafe.finishConnect(AbstractNioChannel.java:334)
	at io.netty.channel.nio.NioEventLoop.processSelectedKey(NioEventLoop.java:776)
	at io.netty.channel.nio.NioEventLoop.processSelectedKeysOptimized(NioEventLoop.java:724)
	at io.netty.channel.nio.NioEventLoop.processSelectedKeys(NioEventLoop.java:650)
	at io.netty.channel.nio.NioEventLoop.run(NioEventLoop.java:562)
	at io.netty.util.concurrent.SingleThreadEventExecutor$4.run(SingleThreadEventExecutor.java:997)
	at io.netty.util.internal.ThreadExecutorMap$2.run(ThreadExecutorMap.java:74)
	at io.netty.util.concurrent.FastThreadLocalRunnable.run(FastThreadLocalRunnable.java:30)
	at java.base/java.lang.Thread.run(Thread.java:834)
